{
  "RSpec": {
    "coverage": {
      "D:/Meghesh/Work/RUBY/Tasks/security-feature/app/models/user.rb": {
        "lines": [
          1,
          1,
          1,
          1,
          null,
          null
        ]
      },
      "D:/Meghesh/Work/RUBY/Tasks/security-feature/app/models/application_record.rb": {
        "lines": [
          1,
          1,
          null
        ]
      },
      "D:/Meghesh/Work/RUBY/Tasks/security-feature/app/controllers/user_controller.rb": {
        "lines": [
          1,
          1,
          1,
          1,
          5,
          5,
          3,
          null,
          2,
          null,
          null,
          1,
          2,
          null,
          1,
          1,
          2,
          null,
          1,
          5,
          null,
          null
        ]
      },
      "D:/Meghesh/Work/RUBY/Tasks/security-feature/app/controllers/application_controller.rb": {
        "lines": [
          1,
          1,
          1,
          null,
          1,
          1,
          6,
          6,
          4,
          4,
          4,
          4,
          null,
          0,
          null,
          null,
          2,
          null,
          null,
          null
        ]
      },
      "D:/Meghesh/Work/RUBY/Tasks/security-feature/app/controllers/concerns/json_web_token.rb": {
        "lines": [
          1,
          null,
          1,
          1,
          1,
          null,
          1,
          6,
          6,
          null,
          null,
          1,
          4,
          4,
          4,
          null,
          null,
          null,
          null,
          null
        ]
      },
      "D:/Meghesh/Work/RUBY/Tasks/security-feature/app/serializers/user_serializer.rb": {
        "lines": [
          1,
          1,
          1,
          null
        ]
      },
      "D:/Meghesh/Work/RUBY/Tasks/security-feature/app/models/upload.rb": {
        "lines": [
          1,
          1,
          1,
          1,
          1,
          null,
          null
        ]
      },
      "D:/Meghesh/Work/RUBY/Tasks/security-feature/app/controllers/authentication_controller.rb": {
        "lines": [
          1,
          1,
          null,
          1,
          8,
          null,
          8,
          6,
          6,
          null,
          2,
          null,
          null,
          null
        ]
      },
      "D:/Meghesh/Work/RUBY/Tasks/security-feature/app/serializers/upload_serializer.rb": {
        "lines": [
          1,
          1,
          null,
          1,
          22,
          null,
          null,
          1,
          null,
          null
        ]
      },
      "D:/Meghesh/Work/RUBY/Tasks/security-feature/app/controllers/upload_controller.rb": {
        "lines": [
          1,
          1,
          2,
          2,
          2,
          null,
          null,
          1,
          1,
          2,
          null,
          null
        ]
      }
    },
    "timestamp": 1706861001
  }
}
