{
  "RSpec": {
    "coverage": {
      "D:/Meghesh/Work/RUBY/Tasks/combined/app/models/task.rb": {
        "lines": [
          1,
          1,
          1,
          null
        ]
      },
      "D:/Meghesh/Work/RUBY/Tasks/combined/app/models/application_record.rb": {
        "lines": [
          1,
          1,
          null
        ]
      },
      "D:/Meghesh/Work/RUBY/Tasks/combined/app/controllers/tasks_controller.rb": {
        "lines": [
          1,
          1,
          1,
          3,
          3,
          3,
          null,
          0,
          null,
          null,
          null,
          1,
          4,
          4,
          null,
          null,
          1,
          3,
          3,
          null,
          null,
          1,
          4,
          4,
          4,
          null,
          0,
          null,
          null,
          null,
          1,
          1,
          1,
          1,
          null,
          null,
          1,
          1,
          7,
          null,
          null
        ]
      },
      "D:/Meghesh/Work/RUBY/Tasks/combined/app/controllers/application_controller.rb": {
        "lines": [
          1,
          1,
          1,
          null,
          1,
          1,
          9,
          9,
          5,
          5,
          5,
          5,
          null,
          0,
          null,
          null,
          4,
          null,
          null,
          null
        ]
      },
      "D:/Meghesh/Work/RUBY/Tasks/combined/app/controllers/concerns/json_web_token.rb": {
        "lines": [
          1,
          null,
          1,
          1,
          1,
          null,
          1,
          7,
          7,
          null,
          null,
          1,
          5,
          5,
          5,
          null,
          null,
          null,
          null,
          null
        ]
      },
      "D:/Meghesh/Work/RUBY/Tasks/combined/app/models/user.rb": {
        "lines": [
          1,
          1,
          null,
          1,
          1,
          1,
          null
        ]
      },
      "D:/Meghesh/Work/RUBY/Tasks/combined/app/controllers/authentication_controller.rb": {
        "lines": [
          1,
          1,
          null,
          1,
          9,
          null,
          9,
          7,
          7,
          null,
          2,
          null,
          null,
          null
        ]
      },
      "D:/Meghesh/Work/RUBY/Tasks/combined/app/controllers/users_controller.rb": {
        "lines": [
          1,
          1,
          1,
          null,
          1,
          3,
          3,
          null,
          null,
          1,
          2,
          null,
          null,
          1,
          5,
          5,
          3,
          null,
          2,
          null,
          null,
          null,
          null,
          1,
          1,
          5,
          null,
          1,
          2,
          null,
          null,
          null
        ]
      },
      "D:/Meghesh/Work/RUBY/Tasks/combined/app/controllers/weather_controller.rb": {
        "lines": [
          1,
          1,
          1,
          1,
          2,
          null,
          2,
          null,
          null
        ]
      }
    },
    "timestamp": 1706862987
  }
}
